<?xml version="1.0" encoding="UTF-8"?>
<!-- Generated by org.testng.reporters.JUnitReportReporter -->
<testsuite hostname="DESKTOP-IKLG5A2" failures="0" tests="2" name="io.cucumber.skeleton.RunCucumberTest" time="36.416" errors="0" timestamp="10 May 2020 15:14:03 GMT" skipped="0">
  <testcase classname="io.cucumber.skeleton.RunCucumberTest" name="runScenario" time="21.754"/>
  <testcase classname="io.cucumber.skeleton.RunCucumberTest" name="runScenario" time="14.662"/>
</testsuite> <!-- io.cucumber.skeleton.RunCucumberTest -->
